<?xml version="1.0" encoding="UTF-8"?>
<testng-results skipped="0" failed="0" total="3"
	passed="3">
	<reporter-output>
		<line>
      <![CDATA[<div "result">Dealer enters the contract number and return date (PASSED : 2s)</div>]]>
		</line>
		<line>
      <![CDATA[<div "result">Dealer clicks the enter button (PASSED : 0s)</div>]]>
		</line>
		<line>
      <![CDATA[<div "result">The correct error message is displayed (PASSED : 0s)</div>]]>
		</line>
		<line>
      <![CDATA[<div "result">Dealer enters the contract number, return date (PASSED : 1s)</div>]]>
		</line>
		<line>
      <![CDATA[<div "result">Dealer clicks the button (PASSED : 0s)</div>]]>
		</line>
		<line>
      <![CDATA[<div "result">The message is displayed in prefill screen (PASSED : 2s)</div>]]>
		</line>
		<line>
      <![CDATA[<div "result">Dealer successfully reached to Unterschrift &amp; Datentransfer (UNDEFINED)</div>]]>
		</line>
		<line>
      <![CDATA[<div "result">Dealer clicks the submit by selecting DEKRA (UNDEFINED)</div>]]>
		</line>
		<line>
      <![CDATA[<div "result">The message is displayed (UNDEFINED)</div>]]>
		</line>
	</reporter-output>
	<suite name="Default suite" duration-ms="42390"
		started-at="2018-07-30T09:42:19Z" finished-at="2018-07-30T09:43:01Z">
		<groups>
			<group name="cucumber">
				<method
					signature="AbstractTestNGCucumberTests.runScenario(cucumber.api.testng.PickleEventWrapper, cucumber.api.testng.CucumberFeatureWrapper)[pri:0, instance:acceptancetests.runner.TestRunner@dafa95]"
					name="runScenario"
					class="cucumber.api.testng.AbstractTestNGCucumberTests" />
			</group> <!-- cucumber -->
		</groups>
		<test name="Default test" duration-ms="42390"
			started-at="2018-07-30T09:42:19Z" finished-at="2018-07-30T09:43:01Z">
			<class name="acceptancetests.runner.TestRunner">
				<test-method status="PASS"
					signature="setUpClass()[pri:0, instance:acceptancetests.runner.TestRunner@dafa95]"
					name="setUpClass" is-config="true" duration-ms="392"
					started-at="2018-07-30T15:12:19Z"
					finished-at="2018-07-30T15:12:19Z">
					<reporter-output>
					</reporter-output>
				</test-method> <!-- setUpClass -->
				<test-method status="PASS"
					signature="runScenario(cucumber.api.testng.PickleEventWrapper, cucumber.api.testng.CucumberFeatureWrapper)[pri:0, instance:acceptancetests.runner.TestRunner@dafa95]"
					name="runScenario" duration-ms="15829"
					started-at="2018-07-30T15:12:19Z"
					description="Runs Cucumber Scenarios" data-provider="scenarios"
					finished-at="2018-07-30T15:12:35Z">
					<params>
						<param index="0">
							<value>
                <![CDATA["Dealer checks the error message for the return date"]]>
							</value>
						</param>
						<param index="1">
							<value>
                <![CDATA["user 28 Log in"]]>
							</value>
						</param>
					</params>
					<reporter-output>
						<line>
              <![CDATA[<div "result">Dealer enters the contract number and return date (PASSED : 2s)</div>]]>
						</line>
						<line>
              <![CDATA[<div "result">Dealer clicks the enter button (PASSED : 0s)</div>]]>
						</line>
						<line>
              <![CDATA[<div "result">The correct error message is displayed (PASSED : 0s)</div>]]>
						</line>
					</reporter-output>
				</test-method> <!-- runScenario -->
				<test-method status="PASS"
					signature="runScenario(cucumber.api.testng.PickleEventWrapper, cucumber.api.testng.CucumberFeatureWrapper)[pri:0, instance:acceptancetests.runner.TestRunner@dafa95]"
					name="runScenario" duration-ms="14549"
					started-at="2018-07-30T15:12:35Z"
					description="Runs Cucumber Scenarios" data-provider="scenarios"
					finished-at="2018-07-30T15:12:49Z">
					<params>
						<param index="0">
							<value>
                <![CDATA["Dealer checks the message in prefilled screen"]]>
							</value>
						</param>
						<param index="1">
							<value>
                <![CDATA["user 28 Log in"]]>
							</value>
						</param>
					</params>
					<reporter-output>
						<line>
              <![CDATA[<div "result">Dealer enters the contract number, return date (PASSED : 1s)</div>]]>
						</line>
						<line>
              <![CDATA[<div "result">Dealer clicks the button (PASSED : 0s)</div>]]>
						</line>
						<line>
              <![CDATA[<div "result">The message is displayed in prefill screen (PASSED : 2s)</div>]]>
						</line>
					</reporter-output>
				</test-method> <!-- runScenario -->
				<test-method status="PASS"
					signature="runScenario(cucumber.api.testng.PickleEventWrapper, cucumber.api.testng.CucumberFeatureWrapper)[pri:0, instance:acceptancetests.runner.TestRunner@dafa95]"
					name="runScenario" duration-ms="11518"
					started-at="2018-07-30T15:12:49Z"
					description="Runs Cucumber Scenarios" data-provider="scenarios"
					finished-at="2018-07-30T15:13:01Z">
					<params>
						<param index="0">
							<value>
                <![CDATA["Dealer checks the message for selecting DEKRA"]]>
							</value>
						</param>
						<param index="1">
							<value>
                <![CDATA["user 28 Log in"]]>
							</value>
						</param>
					</params>
					<reporter-output>
						<line>
              <![CDATA[<div "result">Dealer successfully reached to Unterschrift &amp; Datentransfer (UNDEFINED)</div>]]>
						</line>
						<line>
              <![CDATA[<div "result">Dealer clicks the submit by selecting DEKRA (UNDEFINED)</div>]]>
						</line>
						<line>
              <![CDATA[<div "result">The message is displayed (UNDEFINED)</div>]]>
						</line>
					</reporter-output>
				</test-method> <!-- runScenario -->
				<test-method status="PASS"
					signature="tearDownClass()[pri:0, instance:acceptancetests.runner.TestRunner@dafa95]"
					name="tearDownClass" is-config="true" duration-ms="20"
					started-at="2018-07-30T15:13:01Z"
					finished-at="2018-07-30T15:13:01Z">
					<reporter-output>
					</reporter-output>
				</test-method> <!-- tearDownClass -->
			</class> <!-- acceptancetests.runner.TestRunner -->
		</test> <!-- Default test -->
	</suite> <!-- Default suite -->
</testng-results>
